Location: at Object.execute (C:\Shares\970 Evo Storage\CModBot\Moderation\src\commands\ping.js:11:7)
[6:34:19 PM] | upserting guild to database

Location: at Object.execute (C:\Shares\970 Evo Storage\CModBot\Moderation\src\commands\av.js:18:7)
[6:58:55 PM] | Getting command channel

Location: at Object.execute (C:\Shares\970 Evo Storage\CModBot\Moderation\src\commands\av.js:20:7)
[6:58:55 PM] | Command channel: 438652906116481025

Location: at Object.execute (C:\Shares\970 Evo Storage\CModBot\Moderation\src\commands\av.js:27:7)
[6:58:55 PM] | Getting Target...

Location: at Object.execute (C:\Shares\970 Evo Storage\CModBot\Moderation\src\commands\av.js:33:7)
[6:58:56 PM] | Target: 478044823882825748

Location: at Object.execute (C:\Shares\970 Evo Storage\CModBot\Moderation\src\commands\av.js:35:7)
[6:58:56 PM] | Getting Target User

Location: at Object.execute (C:\Shares\970 Evo Storage\CModBot\Moderation\src\commands\av.js:43:7)
[6:58:56 PM] | Target user username: namija

Location: at Object.execute (C:\Shares\970 Evo Storage\CModBot\Moderation\src\commands\av.js:44:7)
[6:58:56 PM] | Getting pfpURL...

Location: at Object.execute (C:\Shares\970 Evo Storage\CModBot\Moderation\src\commands\av.js:47:7)
[6:58:56 PM] | Downloading pfp URL: https://cdn.discordapp.com/avatars/478044823882825748/50d974dafc4dc587e5d490eefd8dc387.png?size=1024

Location: at downloadImage (C:\Shares\970 Evo Storage\CModBot\Moderation\src\commands\av.js:53:9)
[6:58:59 PM] | Got buffer

